-- WhatIsZ Extended V1.0.0.1 WF ---------------------------------[ Room View ]
Maddy          scentplay F-List cinfo shy leashable fuckable teasing 
               anything-goes alt-having bisexual biting bondage bottom 
               breath-control breeding exhibitionist fear humiliation in-heat 
               nonconsensual orgasm-denial pregnophile public submissive 
               'sneps are for abusing' Female Snow Leopard [Independent / 
               Public Slave]
Medea          body-modification anal bisexual cum-covered dirty-talk 
               Always-IC lactate chemical oral toys yiffy fuckable slutty 
               cum-loving trainable public-property zoophile ageplay loose 
               anything-goes cinfo piercing no vanilla humiliation incest 
               Looking for Porn-pimp female Lioness
Einmal         cinfo anal body-modification bisexual C&BT chastity cunt-loving 
               cum-covered cum-loving cunt-worshiping dirty-talk emasculation 
               female-biased feminization fisting fuckable group-sex 
               humiliation incest masturbating lactate loose nonconsensual 
               orgasm-denial oral piercing private rimming romantic size-queen 
               slutty slave strapons submissive tattoo(ing) breast-loving toys 
               trainable zoophile Urethral_penetration Shemale Zebra
Ataldu         submissive piercing cinfo available anal body-modification 
               bondage chastity dominant female-biased fisting heterosexual 
               horny humiliation masturbating large loose nonconsensual 
               orgasm-denial sadist strapons tattoo(ing) male bear
Jestine        C&BT piercing slave nonconsensual bottom pet anal bisexual 
               crossdresser humiliation bondage anti-Scene planning female 
               Feline-Sphinx [Independent / Public Slave]
Whoas          Always-IC cinfo dominant bisexual large no ageplay very private 
               Male Quad Sorta-Lion
starlight      masochist C&BT body-modification breeding bottom castration 
               piercing nipple-torture shaving breast-loving male-biased 
               anything-goes exhibitionist female-biased herm-biased latex 
               leashable submissive pet prey nonconsensual tinyurl.com/25ane9p 
               herm Feline taur  [Independent / Slave]
Eonwe          breeding incest xeno-preferred female-biased herm-biased 
               magic-sex macrophile tentacles prey anal unbirthing cunt-loving 
               wet-and-messy toys small taur-biased Female Skunk
Larsen         pansexual available anal switch cunt-loving cum-covered 
               cum-loving cock-worshipping crossdresser cunt-worshiping 
               dirty-talk disobedient discipline exhibitionist experienced 
               feminization fuckable horny humiliation humor-and-comedy 
               Always-IC masturbating lecherous large oral polyamorous prey 
               panty-fetish rimming romantic slutty spanking teasing 
               breast-loving toys clothing-sex borderline-himbo male reindeer
Eldara         slutty male-biased fuckable trainable cum-covered bisexual 
               cinfo electrical spanking toys leather cock-worshipping 
               cunt-loving Whisper-preffered Female Bunny
Joule          biting breeding bisexual horny incest ageplay masturbating oral 
               teasing switch top submissive zoophile wilderness adventures 
               Boy 1st level elven Ranger
Arth_Kaden     available anything-goes ageplay anal bisexual biting breeding 
               cinfo cunt-loving cum-covered cum-loving cock-worshipping 
               consensual-only cunt-worshiping dominant dirty-talk experienced 
               female-biased horny inexperienced incest lecherous panty-fetish 
               public romantic switch teasing top vanilla virgin watersports 
               wet-and-messy Male Shetland Pony
Ahsoka         cinfo available ageplay anal bottom masturbating tentacles toys 
               uppity watersports zoophile Prefer same size thanks! Herm Chakat
Jorithal       bottom submissive homosexual anything-goes Boy Pony
Rax            Just a dumb ol' male albino r@fox
Luomo          intelligence-biased whisper-friendly Boy Mouse
Kine           biting top private uppity female-biased dominant bondage toys 
               romantic vanilla oral available fuckable cinfo anal Male Border 
               Collie
Chiisai_Isu    blood body-modification bondage bottom breath-control breeding 
               castration C&BT cum-covered edible electrical fisting fuckable 
               group-sex humiliation leashable macrophile masochist 
               pregnophile prey slutty slave snuff watersports cinfo anal 
               cock-worshipping nipple-torture public-property toys available 
               inexperienced anything-goes dirty-talk nonconsensual public 
               submissive cum-loving oral pet discipline sex-doll spanking 
               voyeur exhibitionist wet-and-messy piercing small virgin herm 
               Elven Girl
Skadus         cinfo flist f-list.net/c/skadus male catboy (bound)
Aleera         [None set] Female Siamese Cat
Rano           magic-sex available cinfo exhibitionist fear fur-preferred 
               heterosexual Always-IC intelligence-biased large non-morphic 
               size-queen vanilla yiffy zoophile Cat Lover Male Unicorn 
               [Independent / Dominant]
Elona          dominant switch cinfo sadist anything-goes ageplay Female Fox
Snowy          masochist submissive prey pet nonconsensual voyeur 
               breast-loving tattoo(ing) bondage piercing no vanilla 
               http://tiny.cc/snowygirl Girl Feline mix [Independent / Public 
               Slave]
Zeros          available bisexual switch cinfo consensual-only private shy 
               #detail Male Black Coyote
Krystyn        cum-covered cum-loving cock-worshipping exhibitionist fuckable 
               heterosexual horny male-biased oral romantic teasing female 
               husky dog
Lawless        Always-IC bisexual cinfo dominant experienced oral polyamorous 
               private romantic shapeshifting teasing tentacles voyeur Special 
               WIXXX in CInfo male Chaos Unicorn [Independent / Equal]
Delirium       anything-goes ageplay anal bisexual biting blood 
               body-modification bondage breath-control breeding boots 
               castration chemical cinfo dirty-talk dyes electrical fear 
               foot-fetish food-fetish fuckable group-sex humor-and-comedy 
               hypnosis Always-IC lecherous masochist piercing oral 
               plushophile sadist shapeshifting shaving spanking tattoo(ing) 
               tentacles tickling toys transformation vampirism voyeur 
               zoophile N/A Mother of All Evil (Trinket)
Zacas          cum-covered cum-loving cock-worshipping cunt-worshiping horny 
               hypnosis lactate nonconsensual slutty switch wet-and-messy 
               watersports herm-biased available anal fur-preferred large 
               shapeshifting Multi-cocked Male  White Tiger [Independent / 
               Master]
Pavlov         heterosexual romantic wet-and-messy aquatic cuddleslut nuzzly 
               male white tiger
Chiff          ageplay dominant female-biased group-sex horny 
               intelligence-biased romantic yiffy male otter
Shaw           F-List alt-having top available ageplay anal cinfo cunt-loving 
               cum-covered cum-loving cock-worshipping consensual-only 
               dominant dirty-talk experienced female-biased group-sex 
               herm-biased horny hypnosis magic-sex mind-control oral 
               wet-and-messy zoophile Cinfo and F-List for more info Boy Elf
Nookie         female-biased large magic-sex nonconsensual slutty top uppity 
               in-heat cunt-loving lecherous horny Fatter! No, FATTER! Shemale 
               Tanuki
Shayrin        bisexual biting cinfo exhibitionist humor-and-comedy 
               masturbating oral romantic voyeur fur-preferred 
               intelligence-biased public polyamorous switch teasing Male 
               Albino Lop
Charl          available anal biting body-modification bondage breath-control 
               breeding cunt-loving dominant dirty-talk exhibitionist 
               experienced female-biased horny humor-and-comedy hypnosis 
               incest intelligence-biased pregnophile private public spanking 
               top transformation vanilla cinfo page/whisp friendly! male 
               jackal
Satinfur       available bisexual body-modification bondage cinfo romantic 
               submissive tantric teasing toys transformation Female 
               Tigressgirl
Greywings      available dirty-talk female-biased oral private male dragon
Daktalis       breeding available romantic horny yiffy bisexual 
               cock-worshipping cunt-worshiping cum-loving cunt-loving 
               wet-and-messy oral anal switch group-sex teasing public 
               exhibitionist voyeur masturbating fuckable impregnophile male 
               anthro wolf
Xochipilli     bisexual horny anal oral bondage available dominant switch 
               yiffy cuntboy Jaguar
Dolph          available avian-preferred aquatic bisexual breeding cum-loving 
               dirty-talk exhibitionist scale-preferred fuckable horny 
               group-sex incest masturbating fur-preferred switch yiffy 
               zoophile Male Anthro Buck
Eric           nonconsensual humiliation dominant cum-loving ageplay 
               female-biased private cinfo whisper-ok Male Vulpes Vulpes
Whitetip       submissive pet prey nonconsensual anything-goes masochist 
               'Wixxx #detail Whitetip' Female Cheetah
Willard        Always-IC cinfo male wolf
Kuparr         pansexual romantic teasing playful pageable male tree kangaroo
Dave           see cinfo Male Spotted Hyena
Anuv           bisexual body-modification breast-loving breeding dirty-talk 
               feminization fisting gendershifting lactate magic-sex 
               mind-control pregnophile private rimming romantic size-queen 
               teasing transformation vorarephile F-List mpreg Shemale Goddess 
               Tribal Grey Fox
Salai          bisexual switch vanilla ageplay cunt-worshiping breast-loving 
               cock-worshipping foot-fetish emasculation feminization 
               crossdresser size-queen incest foreskin-play Male Otolla Gungan
Girith         heterosexual Check cinfo for F-list link! Stallion Horse
FireHeart      size-queen ageplay anal avian-preferred bisexual 
               body-modification bottom breeding cinfo cum-covered cum-loving 
               group-sex Always-IC in-heat intelligence-biased male-biased 
               nonconsensual oral plushophile public-property public romantic 
               shy scale-preferred breast-loving trainable wet-and-messy yiffy 
               wixxxdetail usable Girl Little Black Dragon
Beech          anal bisexual bondage cum-covered cum-loving dirty-talk 
               group-sex oral slutty teasing tentacles zoophile voyeur female 
               coyote
Tapi           submissive bottom biting blood breath-control chemical 
               electrical fear fisting fuckable humiliation inexperienced 
               hypnosis nonconsensual nipple-torture orgasm-denial prey 
               available anything-goes ageplay bondage female cat
Rachnor        detail'd Male Orc
Artica         panty-fetish switch transformation dirty-talk sadist cinfo 
               nonconsensual predator teasing masturbating pregnophile latex 
               fuckable forcedshifting wet-and-messy slutty breeding toys 
               snarky Shemale Snowleopard
Kazai          bisexual male-biased available horny ageplay anal oral 
               masturbating humiliation discipline nonconsensual breeding 
               cock-worshipping piercing breast-loving toys size-queen 
               Always-IC voyeur zoophile switch male half n' half Crocuta
Zamir          bottom anal biting cock-worshipping dominant discipline 
               female-biased fuckable plants spanking toys zoophile 
               cunt-loving masturbating latex tickling cum-covered dirty-talk 
               incest leather male-biased oral private rimming bisexual 
               bondage boots chastity cum-loving disobedient leashable switch 
               top teasing Feminine Male Kitsunemimi
Lexie          cinfo unavailable female red squirrel
Chetar         F-List available cinfo cock-worshipping intelligence-biased 
               heterosexual male-biased private scale-preferred fur-preferred 
               teasing vanilla wet-and-messy zoophile page-only female cheetah
Verdandi       no ageplay non-morphic bisexual experienced plushophile 
               romantic private teasing zoophile vanilla biting 
               scale-preferred avian-preferred intelligence-biased uppity 
               Open-Minded Male Feathered Boreal Dragon (Anthro)
Don            available anal bondage boots cock-worshipping cum-loving 
               dominant dirty-talk foot-fetish fur-preferred fuckable 
               homosexual horny intelligence-biased large leather leashable 
               macrophile nonconsensual oral predator private prey rimming 
               romantic spanking submissive switch tattoo(ing) trainable 
               watersports kissing male biker puma
Genny          available ageplay anal bisexual breeding group-sex incest 
               switch wet-and-messy zoophile Female Plains Zebra
Marcan         bisexual bondage chastity cum-loving cuckolding dirty-talk 
               masturbating nonconsensual objectification oviposition sadist 
               anal biting cinfo experienced fisting incest lecherous 
               male-biased orgasm-denial private rimming polyamorous teasing 
               top cunt-loving dominant discipline female-biased feminization 
               humiliation nipple-torture spanking tentacles toys 
               wet-and-messy zoophile aquatic lactate magic-sex mind-control 
               oral plants predator Male Fae Lord
Nen            [None set] ambiguously gray fox
Mirimac        biting available bisexual bondage dominant dirty-talk fuckable 
               pregnophile polyamorous fur-preferred unbirthing breast-loving 
               vanilla switch tantric top inflation in-heat incest ageplay 
               mind-control hypnosis lactate herm cougar taur
Seriva         transformation forcedshifting shapeshifting gendershifting 
               magic-sex plushophile cinfo bisexual female-biased male-biased 
               herm-biased fur-preferred scale-preferred avian-preferred 
               ~Read~My~Cinfo~ Female Tigerfaun
Malina         nonconsensual available bisexual bottom polyamorous private pet 
               slave submissive prey experienced anal bondage breath-control 
               cum-covered cum-loving cock-worshipping disobedient dyes 
               forcedshifting horny humiliation latex leather leashable 
               macrophile mummification oral plants plushophile scat 
               shapeshifting size-queen sex-machines tentacles toys trainable 
               transformation unbirthing vorarephile watersports wet-and-messy 
               zoophile cinfo Female Hybrid Demoness
Cruz           exhibitionist available anal bottom cock-worshipping fuckable 
               horny humor-and-comedy oral polyamorous private slutty 
               submissive switch top vanilla voyeur wet-and-messy yiffy 
               intelligence-biased cinfo fur-preferred Always-IC homosexual 
               male grey wolf
X-75c          dominant breath-control cinfo sadist bondage chastity available 
               male robotic bull
Hibiki         teasing gendershifting humor-and-comedy vanilla bisexual 
               private uppity fur-preferred oral switch not for pokeballs 
               Female Ninetales (Shiny)
Jaeson         [None set] male pumpdragon
Zap            female-biased ageplay panty-fetish pregnophile vanilla 
               humor-and-comedy incest male pachirisu
Surf           no ageplay available anal bisexual breeding fuckable 
               polyamorous rimming romantic switch uppity Male Lutrai (otter)
Ruarc          anal biting blood body-modification bondage breath-control 
               cinfo dominant discipline dyes fisting humiliation 
               humor-and-comedy leather male-biased masochist nonconsensual 
               oral piercing predator private sadist snuff tattoo(ing) 
               vampirism voyeur No Ageplay Male Red Setter
Taji           bisexual cinfo polyamorous switch vanilla Male Fruit Bat
Miesha         anything-goes bisexual biting blood body-modification bondage 
               breath-control breeding boots chemical cinfo cum-covered 
               crossdresser dirty-talk discipline dyes electrical fear 
               forcedshifting herm-biased humiliation hypnosis Always-IC 
               lactate latex leather magic-sex masochist mind-control 
               nonconsensual orgasm-denial oral plants polyamorous pregnophile 
               private shapeshifting switch tattoo(ing) transformation 
               vampirism wet-and-messy xeno-preferred See Cinfo for Wixxx; 
               Female Striped Hyena
Scirocco       F-List rimming bisexual ageplay dirty-talk lecherous 
               male-biased nipple-torture fur-preferred watersports zoophile 
               wet-and-messy oral available humor-and-comedy cinfo lactate 
               voyeur magic-sex foot-fetish discipline OOC in allegory Male 
               Anole
Sam            in-heat intelligence-biased zoophile chastity latex bisexual 
               bondage breeding gendershifting magic-sex nonconsensual 
               vorarephile prey trainable forcedshifting unbirthing 
               transformation dyes Herm Afghan Hound
Kliff          See #detail! male Eevee
Denn           It's all in the cinfo Male Young Dragon
Maximus        alt-having shapeshifting available experienced horny incest 
               scentplay dominant large non-morphic pregnophile voyeur 
               breeding fur-preferred polyamorous yiffy male Teen Timberwolf
Moy            available anything-goes ageplay bisexual bottom boots 
               cum-covered cum-loving exhibitionist fuckable group-sex loose 
               nonconsensual size-queen slutty small switch breast-loving toys 
               uppity zoophile male housecat
R-13           private aquatic tentacles mummification inflation dominant 
               predator unbirthing vorarephile wet-and-messy sadist no ageplay 
               gooey Female? Goo-Sergal?
Tao            unavailable experienced pansexual dominant sadist bondage top 
               anything-goes biting blood breath-control breeding boots C&BT 
               chastity cinfo dirty-talk discipline electrical exhibitionist 
               fear fisting humiliation incest latex leather nipple-torture 
               nonconsensual oral orgasm-denial piercing polyamorous predator 
               public rimming toys vampirism virgin watersports wet-and-messy 
               violence-biased cybernetic relish blenderkin
WhiteWolf      available female-biased heterosexual WhoIs #Detail'd & Cinfo'd 
               male Wolf
-------------------------------------------------------- by K'T/AnnonyMouse --
